[00:00:00] AleRax v1.2.0
[00:00:00] AleRax was called as follow:
../alerax --families HBG486560_ML.families --species-tree S.tree --prefix ml --gene-tree-samples 100 --seed 42 --rec-model UndatedDTL --model-parametrization GLOBAL 

[00:00:00] Run settings:
	Family file: HBG486560_ML.families
	Starting species tree: specified by user: S.tree
	Output directory: ml
	You are running GeneRax without MPI (no parallelization)
	Number of reconciled gene trees to sample: 100
	Random seed: 42
	Reconciliation model: UndatedDTL
	Model parametrization:  global to all species and families
Rate optimizer: LBFGSB
	Memory savings: OFF
	Transfer constraints: transfers to parents are forbidden
	Prune species mode is disabled
	Gene tree rooting: all gene tree root positions are considered with the same probability
	Origination strategy: gene families can originate from each species with the same probability
	Species tree search: skipping species tree search
	AleRax will exclude gene families covering less than 1 species

[00:00:00] Generating ccp files...
[00:00:00] Filtering families
[00:00:00] Families: 1
[00:00:00] Triming families covering less than 1 species 
[00:00:00] Remaining families: 1
[00:00:00] Initializing starting species tree...
[00:00:00] Finished starting species tree initialization
[00:00:00] Checking that ccp and mappings are valid...
[00:00:00] Input data information:
- Number of gene families: 1
- Number of species: 36
- Total number of genes: 36
- Average number of genes per family: 36
- Maximum number of genes per family: 36
- Species covered with the smallest family coverage: "SYNJB" (covered by 1/1 families)
- Average (over species) species family coverage: 1

((((((ANASP:0.171429,ANAVT:0.171429)Node_ANASP_ANAVT_0:0.342857,NOSP7:0.514286)Node_ANASP_NOSP7_0:0.371429,TRIEI:0.885714)Node_ANASP_TRIEI_0:0.028571,((((CYAA5:0.428571,CYAP8:0.428571)Node_CYAA5_CYAP8_0:0.285714,(CYAP7:0.685714,MICAN:0.685714)Node_CYAP7_MICAN_0:0.028571)Node_CYAA5_CYAP7_0:0.114286,SYNY3:0.828571)Node_CYAA5_SYNY3_0:0.028571,SYNP2:0.857143)Node_CYAA5_SYNP2_0:0.057143)Node_ANASP_CYAA5_0:0.028571,((THEEB:0.742857,CYAP4:0.742857)Node_THEEB_CYAP4_0:0.028571,ACAM1:0.771429)Node_THEEB_ACAM1_0:0.171429)Node_ANASP_THEEB_0:0.057143,(((SYNR3:0.657143,(((PROMM:0.114286,PROM3:0.114286)Node_PROMM_PROM3_0:0.485714,((PRMAR1:0.400000,PROM4:0.400000)Node_PRMAR1_PROM4_0:0.085714,((PROM1:0.057143,PROMT:0.057143)Node_PROM1_PROMT_0:0.400000,((PROM9:0.257143,(PROM2:0.228571,(PROM0:0.200000,PROMS:0.200000)Node_PROM0_PROMS_0:0.028571)Node_PROM2_PROM0_0:0.028571)Node_PROM9_PROM2_0:0.028571,(PROM5:0.142857,PROMP:0.142857)Node_PROM5_PROMP_0:0.142857)Node_PROM9_PROM5_0:0.171429)Node_PROM1_PROM9_0:0.028571)Node_PRMAR1_PROM1_0:0.114286)Node_PROMM_PRMAR1_0:0.028571,((SYNPW:0.314286,SYNS3:0.314286)Node_SYNPW_SYNS3_0:0.228571,(SYNPX:0.371429,(SYNS9:0.342857,SYNSC:0.342857)Node_SYNS9_SYNSC_0:0.028571)Node_SYNPX_SYNS9_0:0.171429)Node_SYNPW_SYNPX_0:0.085714)Node_PROMM_SYNPW_0:0.028571)Node_SYNR3_PROMM_0:0.142857,(SYNE7:0.028571,SYNP6:0.028571)Node_SYNE7_SYNP6_0:0.771429)Node_SYNR3_SYNE7_0:0.171429,((SYNJA:0.085714,SYNJB:0.085714)Node_SYNJA_SYNJB_0:0.485714,GLVIO1:0.571429)Node_SYNJA_GLVIO1_0:0.400000)Node_SYNR3_SYNJA_0:0.028571)Node_ANASP_SYNR3_0:1.000000;
[00:00:00] Initializing ccps and evaluators...
[00:00:00] Initializing ccps finished
[00:00:00] Total number of clades: 139
[00:00:00] Load balancing: 1
[00:00:00] Recommended maximum number of cores: 1
[00:00:00] Initial ll=-55.2772
[00:00:00] [Species search] Optimizing model rates (light)
[00:00:00] Free parameters: 3
[00:00:00] (0.1, 0.1, 0.1, score = -55.2772)
[00:00:00] (0.1, 0.1, 0.1, score = -55.2772)
[00:00:00] (0.1, 0.1, 0.1, score = -55.2772)
[00:00:00] (0.1, 0.1, 0.1, score = -55.2772)
[00:00:00] (1e-10, 1e-10, 1e-10, score = -201.728)
[00:00:00] (2e-10, 1e-10, 1e-10, score = -201.728)
[00:00:00] (1e-10, 2e-10, 1e-10, score = -198.955)
[00:00:00] (1e-10, 1e-10, 2e-10, score = -198.955)
[00:00:00] (0.0653129, 0.0653129, 0.0653129, score = -52.7049)
[00:00:00] (0.0653129, 0.0653129, 0.0653129, score = -52.7049)
[00:00:00] (0.0653129, 0.0653129, 0.0653129, score = -52.7049)
[00:00:00] (0.0653129, 0.0653129, 0.0653129, score = -52.7049)
[00:00:00] (1e-10, 0.0510377, 0.03014, score = -49.3259)
[00:00:00] (2e-10, 0.0510377, 0.03014, score = -49.3259)
[00:00:00] (1e-10, 0.0510377, 0.03014, score = -49.3259)
[00:00:00] (1e-10, 0.0510377, 0.03014, score = -49.3259)
[00:00:00] (1e-10, 0.067306, 0.047535, score = -48.7002)
[00:00:00] (2e-10, 0.067306, 0.047535, score = -48.7002)
[00:00:00] (1e-10, 0.067306, 0.047535, score = -48.7002)
[00:00:00] (1e-10, 0.067306, 0.047535, score = -48.7002)
[00:00:00] (1e-10, 0.0627921, 0.0528306, score = -48.6219)
[00:00:00] (2e-10, 0.0627921, 0.0528306, score = -48.6219)
[00:00:00] (1e-10, 0.0627921, 0.0528306, score = -48.6219)
[00:00:00] (1e-10, 0.0627921, 0.0528306, score = -48.6219)
[00:00:00] (1e-10, 0.0608361, 0.0571656, score = -48.6024)
[00:00:00] (2e-10, 0.0608361, 0.0571656, score = -48.6024)
[00:00:00] (1e-10, 0.0608361, 0.0571656, score = -48.6024)
[00:00:00] (1e-10, 0.0608361, 0.0571656, score = -48.6024)
[00:00:00] (1e-10, 0.0613094, 0.0582853, score = -48.6013)
[00:00:00] (2e-10, 0.0613094, 0.0582853, score = -48.6013)
[00:00:00] (1e-10, 0.0613094, 0.0582853, score = -48.6013)
[00:00:00] (1e-10, 0.0613094, 0.0582853, score = -48.6013)
[00:00:00] (1e-10, 0.0614649, 0.0584873, score = -48.6013)
[00:00:00] (2e-10, 0.0614649, 0.0584873, score = -48.6013)
[00:00:00] (1e-10, 0.0614649, 0.0584873, score = -48.6013)
[00:00:00] (1e-10, 0.0614649, 0.0584873, score = -48.6013)
[00:00:00] (1e-10, 0.061475, 0.0584884, score = -48.6013)
[00:00:00] (2e-10, 0.061475, 0.0584884, score = -48.6013)
[00:00:00] (1e-10, 0.061475, 0.0584884, score = -48.6013)
[00:00:00] (1e-10, 0.061475, 0.0584884, score = -48.6013)
[00:00:00] (1e-10, 0.061475, 0.0584884, score = -48.6013)
[00:00:00] optx = (1e-10, 0.061475, 0.0584884, score = -48.6013)
[00:00:00] [Species search]   After model rate opt, ll=-48.6013
[00:00:00] [Species search] Optimizing model rates (thorough)
[00:00:00] Free parameters: 3
[00:00:00] (1e-10, 0.061475, 0.0584884, score = -48.6013)
[00:00:00] (2e-10, 0.061475, 0.0584884, score = -48.6013)
[00:00:00] (1e-10, 0.061475, 0.0584884, score = -48.6013)
[00:00:00] (1e-10, 0.061475, 0.0584884, score = -48.6013)
[00:00:00] (1e-10, 0.061475, 0.0572735, score = -48.6021)
[00:00:00] (2e-10, 0.061475, 0.0572735, score = -48.6021)
[00:00:00] (1e-10, 0.061475, 0.0572735, score = -48.6021)
[00:00:00] (1e-10, 0.061475, 0.0572735, score = -48.6021)
[00:00:00] (1e-10, 0.061475, 0.0584873, score = -48.6013)
[00:00:00] (2e-10, 0.061475, 0.0584873, score = -48.6013)
[00:00:00] (1e-10, 0.061475, 0.0584873, score = -48.6013)
[00:00:00] (1e-10, 0.061475, 0.0584873, score = -48.6013)
[00:00:00] (1e-10, 0.061475, 0.0584882, score = -48.6013)
[00:00:00] (2e-10, 0.061475, 0.0584882, score = -48.6013)
[00:00:00] (1e-10, 0.061475, 0.0584882, score = -48.6013)
[00:00:00] (1e-10, 0.061475, 0.0584882, score = -48.6013)
[00:00:00] (1e-10, 0.061475, 0.0584883, score = -48.6013)
[00:00:00] (2e-10, 0.061475, 0.0584883, score = -48.6013)
[00:00:00] (1e-10, 0.061475, 0.0584883, score = -48.6013)
[00:00:00] (1e-10, 0.061475, 0.0584883, score = -48.6013)
[00:00:00] (1e-10, 0.061475, 0.0584884, score = -48.6013)
[00:00:00] (2e-10, 0.061475, 0.0584884, score = -48.6013)
[00:00:00] (1e-10, 0.061475, 0.0584884, score = -48.6013)
[00:00:00] (1e-10, 0.061475, 0.0584884, score = -48.6013)
[00:00:00] (1e-10, 0.061475, 0.0584884, score = -48.6013)
[00:00:00] (2e-10, 0.061475, 0.0584884, score = -48.6013)
[00:00:00] (1e-10, 0.061475, 0.0584884, score = -48.6013)
[00:00:00] (1e-10, 0.061475, 0.0584884, score = -48.6013)
[00:00:00] (1e-10, 0.061475, 0.0584884, score = -48.6013)
[00:00:00] (2e-10, 0.061475, 0.0584884, score = -48.6013)
[00:00:00] (1e-10, 0.061475, 0.0584884, score = -48.6013)
[00:00:00] (1e-10, 0.061475, 0.0584884, score = -48.6013)
[00:00:00] (1e-10, 0.061475, 0.0584884, score = -48.6013)
[00:00:00] (2e-10, 0.061475, 0.0584884, score = -48.6013)
[00:00:00] (1e-10, 0.061475, 0.0584884, score = -48.6013)
[00:00:00] (1e-10, 0.061475, 0.0584884, score = -48.6013)
[00:00:00] (1e-10, 0.061475, 0.0584884, score = -48.6013)
[00:00:00] (2e-10, 0.061475, 0.0584884, score = -48.6013)
[00:00:00] (1e-10, 0.061475, 0.0584884, score = -48.6013)
[00:00:00] (1e-10, 0.061475, 0.0584884, score = -48.6013)
[00:00:00] (1e-10, 0.061475, 0.0584884, score = -48.6013)
[00:00:00] (2e-10, 0.061475, 0.0584884, score = -48.6013)
[00:00:00] (1e-10, 0.061475, 0.0584884, score = -48.6013)
[00:00:00] (1e-10, 0.061475, 0.0584884, score = -48.6013)
[00:00:00] (1e-10, 0.061475, 0.0584884, score = -48.6013)
[00:00:00] (2e-10, 0.061475, 0.0584884, score = -48.6013)
[00:00:00] (1e-10, 0.061475, 0.0584884, score = -48.6013)
[00:00:00] (1e-10, 0.061475, 0.0584884, score = -48.6013)
[00:00:00] (1e-10, 0.061475, 0.0584884, score = -48.6013)
[00:00:00] (2e-10, 0.061475, 0.0584884, score = -48.6013)
[00:00:00] (1e-10, 0.061475, 0.0584884, score = -48.6013)
[00:00:00] (1e-10, 0.061475, 0.0584884, score = -48.6013)
[00:00:00] (1e-10, 0.061475, 0.0584884, score = -48.6013)
[00:00:00] (2e-10, 0.061475, 0.0584884, score = -48.6013)
[00:00:00] (1e-10, 0.061475, 0.0584884, score = -48.6013)
[00:00:00] (1e-10, 0.061475, 0.0584884, score = -48.6013)
[00:00:00] (1e-10, 0.061475, 0.0584884, score = -48.6013)
[00:00:00] (2e-10, 0.061475, 0.0584884, score = -48.6013)
[00:00:00] (1e-10, 0.061475, 0.0584884, score = -48.6013)
[00:00:00] (1e-10, 0.061475, 0.0584884, score = -48.6013)
[00:00:00] (1e-10, 0.061475, 0.0584884, score = -48.6013)
[00:00:00] (2e-10, 0.061475, 0.0584884, score = -48.6013)
[00:00:00] (1e-10, 0.061475, 0.0584884, score = -48.6013)
[00:00:00] (1e-10, 0.061475, 0.0584884, score = -48.6013)
[00:00:00] (1e-10, 0.061475, 0.0584884, score = -48.6013)
[00:00:00] (2e-10, 0.061475, 0.0584884, score = -48.6013)
[00:00:00] (1e-10, 0.061475, 0.0584884, score = -48.6013)
[00:00:00] (1e-10, 0.061475, 0.0584884, score = -48.6013)
[00:00:00] (1e-10, 0.061475, 0.0584884, score = -48.6013)
[00:00:00] (2e-10, 0.061475, 0.0584884, score = -48.6013)
[00:00:00] (1e-10, 0.061475, 0.0584884, score = -48.6013)
[00:00:00] (1e-10, 0.061475, 0.0584884, score = -48.6013)
[00:00:00] (1e-10, 0.061475, 0.0584884, score = -48.6013)
[00:00:00] (2e-10, 0.061475, 0.0584884, score = -48.6013)
[00:00:00] (1e-10, 0.061475, 0.0584884, score = -48.6013)
[00:00:00] (1e-10, 0.061475, 0.0584884, score = -48.6013)
[00:00:00] (1e-10, 0.061475, 0.0584884, score = -48.6013)
[00:00:00] (2e-10, 0.061475, 0.0584884, score = -48.6013)
[00:00:00] (1e-10, 0.061475, 0.0584884, score = -48.6013)
[00:00:00] (1e-10, 0.061475, 0.0584884, score = -48.6013)
[00:00:00] (1e-10, 0.061475, 0.0584884, score = -48.6013)
[00:00:00] (2e-10, 0.061475, 0.0584884, score = -48.6013)
[00:00:00] (1e-10, 0.061475, 0.0584884, score = -48.6013)
[00:00:00] (1e-10, 0.061475, 0.0584884, score = -48.6013)
[00:00:00] (1e-10, 0.061475, 0.0584884, score = -48.6013)
[00:00:00] optx = (1e-10, 0.061475, 0.0584884, score = -48.6013)
[00:00:00] [Species search]   After model rate opt, ll=-48.6013
[00:00:00] Sampling reconciled gene trees... (100 samples)
[00:00:00] Sampling reconciliations...
[00:00:00] Exporting reconciliations...
[00:00:00] Exporting reconciliation summaries...
[00:00:00] Reconciliations output directory: ml/reconciliations
[00:00:00] Final log likelihood: ll=-48.6013
[00:00:00] End of the execution
