[00:00:00] AleRax v1.2.0
[00:00:00] AleRax was called as follow:
../alerax --families real_families.txt --species-tree S.tree --prefix real --gene-tree-samples 100 --seed 42 --rec-model UndatedDTL --model-parametrization GLOBAL 

[00:00:00] Run settings:
	Family file: real_families.txt
	Starting species tree: specified by user: S.tree
	Output directory: real
	You are running GeneRax without MPI (no parallelization)
	Number of reconciled gene trees to sample: 100
	Random seed: 42
	Reconciliation model: UndatedDTL
	Model parametrization:  global to all species and families
Rate optimizer: LBFGSB
	Memory savings: OFF
	Transfer constraints: transfers to parents are forbidden
	Prune species mode is disabled
	Gene tree rooting: all gene tree root positions are considered with the same probability
	Origination strategy: gene families can originate from each species with the same probability
	Species tree search: skipping species tree search
	AleRax will exclude gene families covering less than 1 species

[00:00:00] Generating ccp files...
[00:00:10] Filtering families
[00:00:10] Families: 18
[00:00:10] Triming families covering less than 1 species 
[00:00:11] Remaining families: 18
[00:00:11] Initializing starting species tree...
[00:00:11] Finished starting species tree initialization
[00:00:11] Checking that ccp and mappings are valid...
[00:00:13] Input data information:
- Number of gene families: 18
- Number of species: 36
- Total number of genes: 648
- Average number of genes per family: 36
- Maximum number of genes per family: 36
- Species covered with the smallest family coverage: "SYNJB" (covered by 18/18 families)
- Average (over species) species family coverage: 18

((((((ANASP:0.171429,ANAVT:0.171429)Node_ANASP_ANAVT_0:0.342857,NOSP7:0.514286)Node_ANASP_NOSP7_0:0.371429,TRIEI:0.885714)Node_ANASP_TRIEI_0:0.028571,((((CYAA5:0.428571,CYAP8:0.428571)Node_CYAA5_CYAP8_0:0.285714,(CYAP7:0.685714,MICAN:0.685714)Node_CYAP7_MICAN_0:0.028571)Node_CYAA5_CYAP7_0:0.114286,SYNY3:0.828571)Node_CYAA5_SYNY3_0:0.028571,SYNP2:0.857143)Node_CYAA5_SYNP2_0:0.057143)Node_ANASP_CYAA5_0:0.028571,((THEEB:0.742857,CYAP4:0.742857)Node_THEEB_CYAP4_0:0.028571,ACAM1:0.771429)Node_THEEB_ACAM1_0:0.171429)Node_ANASP_THEEB_0:0.057143,(((SYNR3:0.657143,(((PROMM:0.114286,PROM3:0.114286)Node_PROMM_PROM3_0:0.485714,((PRMAR1:0.400000,PROM4:0.400000)Node_PRMAR1_PROM4_0:0.085714,((PROM1:0.057143,PROMT:0.057143)Node_PROM1_PROMT_0:0.400000,((PROM9:0.257143,(PROM2:0.228571,(PROM0:0.200000,PROMS:0.200000)Node_PROM0_PROMS_0:0.028571)Node_PROM2_PROM0_0:0.028571)Node_PROM9_PROM2_0:0.028571,(PROM5:0.142857,PROMP:0.142857)Node_PROM5_PROMP_0:0.142857)Node_PROM9_PROM5_0:0.171429)Node_PROM1_PROM9_0:0.028571)Node_PRMAR1_PROM1_0:0.114286)Node_PROMM_PRMAR1_0:0.028571,((SYNPW:0.314286,SYNS3:0.314286)Node_SYNPW_SYNS3_0:0.228571,(SYNPX:0.371429,(SYNS9:0.342857,SYNSC:0.342857)Node_SYNS9_SYNSC_0:0.028571)Node_SYNPX_SYNS9_0:0.171429)Node_SYNPW_SYNPX_0:0.085714)Node_PROMM_SYNPW_0:0.028571)Node_SYNR3_PROMM_0:0.142857,(SYNE7:0.028571,SYNP6:0.028571)Node_SYNE7_SYNP6_0:0.771429)Node_SYNR3_SYNE7_0:0.171429,((SYNJA:0.085714,SYNJB:0.085714)Node_SYNJA_SYNJB_0:0.485714,GLVIO1:0.571429)Node_SYNJA_GLVIO1_0:0.400000)Node_SYNR3_SYNJA_0:0.028571)Node_ANASP_SYNR3_0:1.000000;
[00:00:14] Initializing ccps and evaluators...
[00:00:15] Initializing ccps finished
[00:00:15] Total number of clades: 6738
[00:00:15] Load balancing: 1
[00:00:15] Recommended maximum number of cores: 15
[00:00:15] Initial ll=-912.37
[00:00:15] [Species search] Optimizing model rates (light)
[00:00:15] Free parameters: 3
[00:00:15] (0.1, 0.1, 0.1, score = -912.37)
[00:00:15] (0.1, 0.1, 0.1, score = -912.37)
[00:00:15] (0.1, 0.1, 0.1, score = -912.37)
[00:00:15] (0.1, 0.1, 0.1, score = -912.37)
[00:00:15] (1e-10, 1e-10, 1e-10, score = -1261.66)
[00:00:16] (2e-10, 1e-10, 1e-10, score = -1261.66)
[00:00:16] (1e-10, 2e-10, 1e-10, score = -1253.1)
[00:00:16] (1e-10, 1e-10, 2e-10, score = -1247.94)
[00:00:16] (0.0567585, 0.0567585, 0.0567585, score = -810.331)
[00:00:16] (0.0567585, 0.0567585, 0.0567585, score = -810.331)
[00:00:16] (0.0567585, 0.0567585, 0.0567585, score = -810.331)
[00:00:16] (0.0567585, 0.0567585, 0.0567585, score = -810.331)
[00:00:17] (0.0189195, 0.0189195, 0.0189195, score = -726.626)
[00:00:17] (0.0189195, 0.0189195, 0.0189195, score = -726.626)
[00:00:17] (0.0189195, 0.0189195, 0.0189195, score = -726.626)
[00:00:17] (0.0189195, 0.0189195, 0.0189195, score = -726.626)
[00:00:17] (1e-10, 1e-10, 0.00567324, score = -845.847)
[00:00:17] (2e-10, 1e-10, 0.00567324, score = -845.847)
[00:00:17] (1e-10, 2e-10, 0.00567324, score = -842.048)
[00:00:18] (1e-10, 1e-10, 0.00567324, score = -845.847)
[00:00:18] (0.011647, 0.011647, 0.0138278, score = -716.74)
[00:00:18] (0.011647, 0.011647, 0.0138278, score = -716.74)
[00:00:18] (0.011647, 0.011647, 0.0138278, score = -716.74)
[00:00:18] (0.011647, 0.011647, 0.0138278, score = -716.74)
[00:00:18] (1e-10, 0.00559194, 0.0161362, score = -703.799)
[00:00:19] (2e-10, 0.00559194, 0.0161362, score = -703.799)
[00:00:19] (1e-10, 0.00559194, 0.0161362, score = -703.799)
[00:00:19] (1e-10, 0.00559194, 0.0161362, score = -703.799)
[00:00:19] (1e-10, 0.00963623, 0.0194828, score = -701.834)
[00:00:19] (2e-10, 0.00963623, 0.0194828, score = -701.834)
[00:00:19] (1e-10, 0.00963623, 0.0194828, score = -701.834)
[00:00:19] (1e-10, 0.00963623, 0.0194828, score = -701.834)
[00:00:20] (1e-10, 0.0103376, 0.0183457, score = -701.668)
[00:00:20] (2e-10, 0.0103376, 0.0183457, score = -701.668)
[00:00:20] (1e-10, 0.0103376, 0.0183457, score = -701.668)
[00:00:20] (1e-10, 0.0103376, 0.0183457, score = -701.668)
[00:00:20] (1e-10, 0.0111004, 0.0174746, score = -701.616)
[00:00:20] (2e-10, 0.0111004, 0.0174746, score = -701.616)
[00:00:21] (1e-10, 0.0111004, 0.0174746, score = -701.616)
[00:00:21] (1e-10, 0.0111004, 0.0174746, score = -701.616)
[00:00:21] (1e-10, 0.0112335, 0.0175682, score = -701.614)
[00:00:21] (2e-10, 0.0112335, 0.0175682, score = -701.614)
[00:00:21] (1e-10, 0.0112335, 0.0175682, score = -701.614)
[00:00:21] (1e-10, 0.0112335, 0.0175682, score = -701.614)
[00:00:21] (1e-10, 0.0112968, 0.0176275, score = -701.614)
[00:00:22] (2e-10, 0.0112968, 0.0176275, score = -701.614)
[00:00:22] (1e-10, 0.0112968, 0.0176275, score = -701.614)
[00:00:22] (1e-10, 0.0112968, 0.0176275, score = -701.614)
[00:00:22] (1e-10, 0.0112969, 0.0176265, score = -701.614)
[00:00:22] (2e-10, 0.0112969, 0.0176265, score = -701.614)
[00:00:22] (1e-10, 0.0112969, 0.0176265, score = -701.614)
[00:00:23] (1e-10, 0.0112969, 0.0176265, score = -701.614)
[00:00:23] (1e-10, 0.0112969, 0.0176265, score = -701.614)
[00:00:23] optx = (1e-10, 0.0112969, 0.0176265, score = -701.614)
[00:00:23] [Species search]   After model rate opt, ll=-701.614
[00:00:23] [Species search] Optimizing model rates (thorough)
[00:00:23] Free parameters: 3
[00:00:23] (1e-10, 0.0112969, 0.0176265, score = -701.614)
[00:00:23] (2e-10, 0.0112969, 0.0176265, score = -701.614)
[00:00:24] (1e-10, 0.0112969, 0.0176265, score = -701.614)
[00:00:24] (1e-10, 0.0112969, 0.0176265, score = -701.614)
[00:00:24] (1e-10, 1e-10, 0.0176265, score = -823.653)
[00:00:24] (2e-10, 1e-10, 0.0176265, score = -823.653)
[00:00:24] (1e-10, 2e-10, 0.0176265, score = -820.866)
[00:00:24] (1e-10, 1e-10, 0.0176265, score = -823.653)
[00:00:24] (1e-10, 0.00753122, 0.0176265, score = -702.371)
[00:00:25] (2e-10, 0.00753122, 0.0176265, score = -702.371)
[00:00:25] (1e-10, 0.00753122, 0.0176265, score = -702.371)
[00:00:25] (1e-10, 0.00753122, 0.0176265, score = -702.371)
[00:00:25] (1e-10, 0.0112957, 0.0176265, score = -701.614)
[00:00:25] (2e-10, 0.0112957, 0.0176265, score = -701.614)
[00:00:25] (1e-10, 0.0112957, 0.0176265, score = -701.614)
[00:00:26] (1e-10, 0.0112957, 0.0176265, score = -701.614)
[00:00:26] (1e-10, 0.0112963, 0.0176265, score = -701.614)
[00:00:26] (2e-10, 0.0112963, 0.0176265, score = -701.614)
[00:00:26] (1e-10, 0.0112963, 0.0176265, score = -701.614)
[00:00:26] (1e-10, 0.0112963, 0.0176265, score = -701.614)
[00:00:26] (1e-10, 0.0112959, 0.0176265, score = -701.614)
[00:00:26] (2e-10, 0.0112959, 0.0176265, score = -701.614)
[00:00:27] (1e-10, 0.0112959, 0.0176265, score = -701.614)
[00:00:27] (1e-10, 0.0112959, 0.0176265, score = -701.614)
[00:00:27] (1e-10, 0.0112957, 0.0176265, score = -701.614)
[00:00:27] (2e-10, 0.0112957, 0.0176265, score = -701.614)
[00:00:27] (1e-10, 0.0112957, 0.0176265, score = -701.614)
[00:00:27] (1e-10, 0.0112957, 0.0176265, score = -701.614)
[00:00:28] (1e-10, 0.0112957, 0.0176265, score = -701.614)
[00:00:28] (2e-10, 0.0112957, 0.0176265, score = -701.614)
[00:00:28] (1e-10, 0.0112957, 0.0176265, score = -701.614)
[00:00:28] (1e-10, 0.0112957, 0.0176265, score = -701.614)
[00:00:28] (1e-10, 0.0112957, 0.0176265, score = -701.614)
[00:00:28] optx = (1e-10, 0.0112957, 0.0176265, score = -701.614)
[00:00:28] [Species search]   After model rate opt, ll=-701.614
[00:00:28] Sampling reconciled gene trees... (100 samples)
[00:00:28] Sampling reconciliations...
[00:00:28] Exporting reconciliations...
[00:00:35] Exporting reconciliation summaries...
[00:00:36] Reconciliations output directory: real/reconciliations
[00:00:36] Final log likelihood: ll=-701.614
[00:00:36] End of the execution
